19:57:22.022 [main] INFO  testCases.TC001_AccountRegistrationTest - *** starting TC001_AccountRegistrationTest*** 
19:57:22.022 [main] INFO  testCases.TC001_AccountRegistrationTest - Clicked on my account
19:57:23.023 [main] INFO  testCases.TC001_AccountRegistrationTest - Clicked on register
19:57:23.023 [main] INFO  testCases.TC001_AccountRegistrationTest - Providing customer details
19:57:33.033 [main] ERROR testCases.TC001_AccountRegistrationTest - Test failed
19:58:34.034 [main] INFO  testCases.TC001_AccountRegistrationTest - *** starting TC001_AccountRegistrationTest*** 
19:58:34.034 [main] INFO  testCases.TC001_AccountRegistrationTest - Clicked on my account
19:58:36.036 [main] INFO  testCases.TC001_AccountRegistrationTest - Clicked on register
19:58:36.036 [main] INFO  testCases.TC001_AccountRegistrationTest - Providing customer details
19:58:44.044 [main] INFO  testCases.TC001_AccountRegistrationTest - validating expected message
21:05:12.012 [main] INFO  testCases.TC001_AccountRegistrationTest - *** starting TC001_AccountRegistrationTest*** 
21:05:12.012 [main] INFO  testCases.TC001_AccountRegistrationTest - Clicked on my account
21:05:15.015 [main] INFO  testCases.TC001_AccountRegistrationTest - Clicked on register
21:05:15.015 [main] INFO  testCases.TC001_AccountRegistrationTest - Providing customer details
21:05:25.025 [main] INFO  testCases.TC001_AccountRegistrationTest - validating expected message
21:05:26.026 [main] INFO  testCases.TC001_AccountRegistrationTest - Finished
21:41:11.011 [main] INFO  testCases.TC001_AccountRegistrationTest - *** starting TC001_AccountRegistrationTest*** 
21:41:11.011 [main] INFO  testCases.TC001_AccountRegistrationTest - Clicked on my account
21:41:14.014 [main] INFO  testCases.TC001_AccountRegistrationTest - Clicked on register
21:41:14.014 [main] INFO  testCases.TC001_AccountRegistrationTest - Providing customer details
21:41:25.025 [main] INFO  testCases.TC001_AccountRegistrationTest - validating expected message
21:41:26.026 [main] INFO  testCases.TC001_AccountRegistrationTest - Finished
10:59:38.038 [main] INFO  testCases.TC001_AccountRegistrationTest - *** starting TC001_AccountRegistrationTest*** 
10:59:39.039 [main] INFO  testCases.TC001_AccountRegistrationTest - Clicked on my account
10:59:39.039 [main] INFO  testCases.TC001_AccountRegistrationTest - Clicked on register
10:59:39.039 [main] INFO  testCases.TC001_AccountRegistrationTest - Providing customer details
10:59:46.046 [main] INFO  testCases.TC001_AccountRegistrationTest - validating expected message
10:59:47.047 [main] INFO  testCases.TC001_AccountRegistrationTest - Finished
11:25:10.010 [main] INFO  testCases.TC001_AccountRegistrationTest - *** starting TC001_AccountRegistrationTest*** 
11:25:11.011 [main] INFO  testCases.TC001_AccountRegistrationTest - Clicked on my account
11:25:11.011 [main] INFO  testCases.TC001_AccountRegistrationTest - Clicked on register
11:25:11.011 [main] INFO  testCases.TC001_AccountRegistrationTest - Providing customer details
11:25:21.021 [main] ERROR testCases.TC001_AccountRegistrationTest - Test failed
11:27:59.059 [main] INFO  testCases.TC001_AccountRegistrationTest - *** starting TC001_AccountRegistrationTest*** 
11:27:59.059 [main] INFO  testCases.TC001_AccountRegistrationTest - Clicked on my account
11:28:00.000 [main] INFO  testCases.TC001_AccountRegistrationTest - Clicked on register
11:28:00.000 [main] INFO  testCases.TC001_AccountRegistrationTest - Providing customer details
11:28:06.006 [main] INFO  testCases.TC001_AccountRegistrationTest - validating expected message
11:28:07.007 [main] INFO  testCases.TC001_AccountRegistrationTest - Finished
11:35:04.004 [main] INFO  testCases.TC001_AccountRegistrationTest - *** starting TC001_AccountRegistrationTest*** 
11:35:04.004 [main] INFO  testCases.TC001_AccountRegistrationTest - Clicked on my account
11:35:04.004 [main] INFO  testCases.TC001_AccountRegistrationTest - Clicked on register
11:35:04.004 [main] INFO  testCases.TC001_AccountRegistrationTest - Providing customer details
11:35:14.014 [main] ERROR testCases.TC001_AccountRegistrationTest - Test failed
11:36:35.035 [main] INFO  testCases.TC001_AccountRegistrationTest - *** starting TC001_AccountRegistrationTest*** 
11:36:35.035 [main] INFO  testCases.TC001_AccountRegistrationTest - Clicked on my account
11:36:35.035 [main] INFO  testCases.TC001_AccountRegistrationTest - Clicked on register
11:36:35.035 [main] INFO  testCases.TC001_AccountRegistrationTest - Providing customer details
11:36:45.045 [main] ERROR testCases.TC001_AccountRegistrationTest - Test failed
11:55:19.019 [main] INFO  testCases.TC001_AccountRegistrationTest - *** starting TC001_AccountRegistrationTest*** 
11:55:20.020 [main] INFO  testCases.TC001_AccountRegistrationTest - Clicked on my account
11:55:20.020 [main] INFO  testCases.TC001_AccountRegistrationTest - Clicked on register
11:55:20.020 [main] INFO  testCases.TC001_AccountRegistrationTest - Providing customer details
